#
# A fatal error has been detected by the Java Runtime Environment:
#
#  SIGSEGV (0xb) at pc=0x0000000104846914, pid=19551, tid=15111
#
# JRE version: Java(TM) SE Runtime Environment (8.0_60-b27) (build 1.8.0_60-b27)
# Java VM: Java HotSpot(TM) 64-Bit Server VM (25.60-b23 mixed mode bsd-amd64 compressed oops)
# Problematic frame:
# V  [libjvm.dylib+0x446914]  Method::checked_resolve_jmethod_id(_jmethodID*)+0xe
#
# Failed to write core dump. Core dumps have been disabled. To enable core dumping, try "ulimit -c unlimited" before starting Java again
#
# If you would like to submit a bug report, please visit:
#   http://bugreport.java.com/bugreport/crash.jsp
#

---------------  T H R E A D  ---------------

Current thread (0x00007fbd46838800):  JavaThread "JDWP Transport Listener: dt_socket" daemon [_thread_in_vm, id=15111, stack(0x000070000b05f000,0x000070000b15f000)]

siginfo: si_signo: 11 (SIGSEGV), si_code: 0 (unknown), si_addr: 0x0000000000000000

Registers:
RAX=0x0000000000000001, RBX=0x000070000b15ea8b, RCX=0x0000000104c15310, RDX=0x000070000b15ea8b
RSP=0x000070000b15e9d0, RBP=0x000070000b15e9e0, RSI=0x00007fbd46838800, RDI=0x6000000000000000
R8 =0x0000000000000000, R9 =0x00007fbd4661ea20, R10=0x000007fbd4661eb0, R11=0x0000000000000001
R12=0x00007fbd46838800, R13=0x6000000000000000, R14=0x6000000000000000, R15=0x00007fbd46601bf0
RIP=0x0000000104846914, EFLAGS=0x0000000000010206, ERR=0x0000000000000000
  TRAPNO=0x000000000000000d

Top of Stack: (sp=0x000070000b15e9d0)
0x000070000b15e9d0:   000070000b15ea8b 000070000b15ea8b
0x000070000b15e9e0:   000070000b15ea40 0000000104755a0e
0x000070000b15e9f0:   00007fbd46838800 0000000000000000
0x000070000b15ea00:   0000000000000000 0000000000000000
0x000070000b15ea10:   00007fbd46838800 00007fbd46838800
0x000070000b15ea20:   000070000b15ea8b 000070000b15ea90
0x000070000b15ea30:   6000000000000000 0000000000000004
0x000070000b15ea40:   000070000b15ea60 0000000103baf780
0x000070000b15ea50:   0000000000000001 000070000b15eb08
0x000070000b15ea60:   000070000b15ead0 0000000103b941f3
0x000070000b15ea70:   000070000b15eaa0 00007fbd4661ee70
0x000070000b15ea80:   0000000500000032 f000100a0115eb08
0x000070000b15ea90:   0000000000000000 0000000000000000
0x000070000b15eaa0:   0000000000000000 000070000b15ec90
0x000070000b15eab0:   0000000103bb6e7a 00007fbd46713ed0
0x000070000b15eac0:   000070000b15eb08 0000000103bc2598
0x000070000b15ead0:   000070000b15eae0 0000000103b942ec
0x000070000b15eae0:   000070000b15ed00 0000000103b9d898
0x000070000b15eaf0:   000019f400000013 00000000000f0200
0x000070000b15eb00:   00007fbd4671b0e0 000070000b15ec2d
0x000070000b15eb10:   0000000000000057 000070000b15eb20
0x000070000b15eb20:   00000100000000d5 000070000b15eb58
0x000070000b15eb30:   0000000000000000 00007f0000000000
0x000070000b15eb40:   000019f40000001c 00007fbd0000f080
0x000070000b15eb50:   000070000b15eb58 bd7f000005000000
0x000070000b15eb60:   08000000f01c5346 30246164626d616c
0x000070000b15eb70:   616a4c2815000000 2f676e616c2f6176
0x000070000b15eb80:   293b676e69727453 1000f0000000005a
0x000070000b15eb90:   1c5346bd7f00000a 69616d04000000c8
0x000070000b15eba0:   4c5b28160000006e 6e616c2f6176616a
0x000070000b15ebb0:   676e697274532f67 000000000056293b
0x000070000b15ebc0:   46bd7f0000090000 6c0800000020c360 

Instructions: (pc=0x0000000104846914)
0x00000001048468f4:   40 48 48 85 c0 75 e0 30 c0 0f b6 c0 5d c3 31 c0
0x0000000104846904:   5d c3 55 48 89 e5 53 48 83 ec 08 48 85 ff 74 24
0x0000000104846914:   48 8b 1f 48 85 db 74 1c 48 83 fb 37 74 16 48 8b
0x0000000104846924:   03 48 89 df ff 50 10 84 c0 b8 00 00 00 00 48 0f 

Register to memory mapping:

RAX=0x0000000000000001 is an unknown value
RBX=0x000070000b15ea8b is pointing into the stack for thread: 0x00007fbd46838800
RCX=0x0000000104c15310: UseMembar+0 in /Library/Java/JavaVirtualMachines/jdk1.8.0_60.jdk/Contents/Home/jre/lib/server/libjvm.dylib at 0x0000000104400000
RDX=0x000070000b15ea8b is pointing into the stack for thread: 0x00007fbd46838800
RSP=0x000070000b15e9d0 is pointing into the stack for thread: 0x00007fbd46838800
RBP=0x000070000b15e9e0 is pointing into the stack for thread: 0x00007fbd46838800
RSI=0x00007fbd46838800 is a thread
RDI=0x6000000000000000 is an unknown value
R8 =0x0000000000000000 is an unknown value
R9 =0x00007fbd4661ea20 is an unknown value
R10=0x000007fbd4661eb0 is an unknown value
R11=0x0000000000000001 is an unknown value
R12=0x00007fbd46838800 is a thread
R13=0x6000000000000000 is an unknown value
R14=0x6000000000000000 is an unknown value
R15=0x00007fbd46601bf0 is an unknown value


Stack: [0x000070000b05f000,0x000070000b15f000],  sp=0x000070000b15e9d0,  free space=1022k
Native frames: (J=compiled Java code, j=interpreted, Vv=VM code, C=native code)
V  [libjvm.dylib+0x446914]  Method::checked_resolve_jmethod_id(_jmethodID*)+0xe
V  [libjvm.dylib+0x355a0e]  jvmti_IsMethodSynthetic+0xb2
C  [libjdwp.dylib+0x20780]  isMethodSynthetic+0x63
C  [libjdwp.dylib+0x51f3]  methods1+0x10b
C  [libjdwp.dylib+0x52ec]  methodsWithGeneric+0xe
C  [libjdwp.dylib+0xe898]  debugLoop_run+0x1ce
C  [libjdwp.dylib+0x1f6ba]  attachThread+0x4d
V  [libjvm.dylib+0x396d6c]  JvmtiAgentThread::call_start_function()+0x38
V  [libjvm.dylib+0x5612d3]  JavaThread::thread_main_inner()+0x9b
V  [libjvm.dylib+0x5629ce]  JavaThread::run()+0x1c2
V  [libjvm.dylib+0x48343a]  java_start(Thread*)+0xf6
C  [libsystem_pthread.dylib+0x3661]  _pthread_body+0x154
C  [libsystem_pthread.dylib+0x350d]  _pthread_body+0x0
C  [libsystem_pthread.dylib+0x2bf9]  thread_start+0xd
C  0x0000000000000000


---------------  P R O C E S S  ---------------

Java Threads: ( => current thread )
  0x00007fbd4700e800 JavaThread "Service Thread" daemon [_thread_blocked, id=18947, stack(0x000070000b671000,0x000070000b771000)]
  0x00007fbd4780d000 JavaThread "C1 CompilerThread2" daemon [_thread_blocked, id=17155, stack(0x000070000b56e000,0x000070000b66e000)]
  0x00007fbd46873800 JavaThread "C2 CompilerThread1" daemon [_thread_blocked, id=16643, stack(0x000070000b46b000,0x000070000b56b000)]
  0x00007fbd47014000 JavaThread "C2 CompilerThread0" daemon [_thread_blocked, id=16131, stack(0x000070000b368000,0x000070000b468000)]
  0x00007fbd4780c800 JavaThread "JDWP Command Reader" daemon [_thread_in_native, id=15619, stack(0x000070000b265000,0x000070000b365000)]
  0x00007fbd46861800 JavaThread "JDWP Event Helper Thread" daemon [_thread_blocked, id=19203, stack(0x000070000b162000,0x000070000b262000)]
=>0x00007fbd46838800 JavaThread "JDWP Transport Listener: dt_socket" daemon [_thread_in_vm, id=15111, stack(0x000070000b05f000,0x000070000b15f000)]
  0x00007fbd48036000 JavaThread "Signal Dispatcher" daemon [_thread_blocked, id=14599, stack(0x000070000af5c000,0x000070000b05c000)]
  0x00007fbd4800e800 JavaThread "Finalizer" daemon [_thread_blocked, id=12035, stack(0x000070000add6000,0x000070000aed6000)]
  0x00007fbd4800e000 JavaThread "Reference Handler" daemon [_thread_blocked, id=11779, stack(0x000070000acd3000,0x000070000add3000)]
  0x00007fbd4680a000 JavaThread "main" [_thread_blocked, id=9987, stack(0x000070000a6c1000,0x000070000a7c1000)]

Other Threads:
  0x00007fbd47819800 VMThread [stack: 0x000070000abd0000,0x000070000acd0000] [id=11523]
  0x00007fbd48024800 WatcherThread [stack: 0x000070000b774000,0x000070000b874000] [id=17923]

VM state:not at safepoint (normal execution)

VM Mutex/Monitor currently owned by a thread: None

Heap:
 PSYoungGen      total 38400K, used 3993K [0x0000000795580000, 0x0000000798000000, 0x00000007c0000000)
  eden space 33280K, 12% used [0x0000000795580000,0x0000000795966780,0x0000000797600000)
  from space 5120K, 0% used [0x0000000797b00000,0x0000000797b00000,0x0000000798000000)
  to   space 5120K, 0% used [0x0000000797600000,0x0000000797600000,0x0000000797b00000)
 ParOldGen       total 87552K, used 0K [0x0000000740000000, 0x0000000745580000, 0x0000000795580000)
  object space 87552K, 0% used [0x0000000740000000,0x0000000740000000,0x0000000745580000)
 Metaspace       used 3885K, capacity 4754K, committed 4864K, reserved 1056768K
  class space    used 443K, capacity 501K, committed 512K, reserved 1048576K

Card table byte_map: [0x0000000105789000,0x0000000105b8a000] byte_map_base: 0x0000000101d89000

Marking Bits: (ParMarkBitMap*) 0x0000000104cdee20
 Begin Bits: [0x0000000114ee4000, 0x0000000116ee4000)
 End Bits:   [0x0000000116ee4000, 0x0000000118ee4000)

Polling page: 0x0000000103b8e000

CodeCache: size=245760Kb used=1439Kb max_used=1444Kb free=244320Kb
 bounds [0x0000000105c39000, 0x0000000105ea9000, 0x0000000114c39000]
 total_blobs=457 nmethods=211 adapters=168
 compilation: enabled

Compilation events (10 events):
Event: 0.456 Thread 0x00007fbd4780d000  205       3       jdk.internal.org.objectweb.asm.ByteVector::enlarge (51 bytes)
Event: 0.456 Thread 0x00007fbd4780d000 nmethod 205 0x0000000105da1190 code [0x0000000105da1300, 0x0000000105da1628]
Event: 0.456 Thread 0x00007fbd4780d000  206       3       jdk.internal.org.objectweb.asm.ByteVector::putInt (74 bytes)
Event: 0.457 Thread 0x00007fbd4780d000 nmethod 206 0x0000000105da0bd0 code [0x0000000105da0d40, 0x0000000105da0fe8]
Event: 0.460 Thread 0x00007fbd4780d000  208       3       java.util.concurrent.ConcurrentHashMap::casTabAt (20 bytes)
Event: 0.461 Thread 0x00007fbd4780d000 nmethod 208 0x0000000105da0110 code [0x0000000105da0260, 0x0000000105da03f0]
Event: 0.461 Thread 0x00007fbd4780d000  210       3       java.util.concurrent.ConcurrentHashMap::setTabAt (19 bytes)
Event: 0.461 Thread 0x00007fbd4780d000 nmethod 210 0x0000000105d9fdd0 code [0x0000000105d9ff20, 0x0000000105da0090]
Event: 0.461 Thread 0x00007fbd4780d000  209       3       java.util.concurrent.ConcurrentHashMap$Node::<init> (26 bytes)
Event: 0.461 Thread 0x00007fbd4780d000 nmethod 209 0x0000000105d9f990 code [0x0000000105d9fb00, 0x0000000105d9fd10]

GC Heap History (0 events):
No events

Deoptimization events (0 events):
No events

Internal exceptions (4 events):
Event: 0.088 Thread 0x00007fbd4680a000 Exception <a 'java/lang/NoSuchMethodError': Method sun.misc.Unsafe.defineClass(Ljava/lang/String;[BII)Ljava/lang/Class; name or signature does not match> (0x0000000795592f10) thrown at [/Users/java_re/workspace/8-2-build-macosx-x86_64/jdk8u60/4407/hotspot
Event: 0.088 Thread 0x00007fbd4680a000 Exception <a 'java/lang/NoSuchMethodError': Method sun.misc.Unsafe.prefetchRead(Ljava/lang/Object;J)V name or signature does not match> (0x00000007955931f8) thrown at [/Users/java_re/workspace/8-2-build-macosx-x86_64/jdk8u60/4407/hotspot/src/share/vm/prim
Event: 0.421 Thread 0x00007fbd4680a000 Exception <a 'java/lang/NoSuchFieldError': method resolution failed> (0x00000007958bb848) thrown at [/Users/java_re/workspace/8-2-build-macosx-x86_64/jdk8u60/4407/hotspot/src/share/vm/prims/methodHandles.cpp, line 1146]
Event: 0.428 Thread 0x00007fbd4680a000 Exception <a 'java/lang/NoSuchFieldError': method resolution failed> (0x00000007958c8c88) thrown at [/Users/java_re/workspace/8-2-build-macosx-x86_64/jdk8u60/4407/hotspot/src/share/vm/prims/methodHandles.cpp, line 1146]

Events (10 events):
Event: 538.662 Executing VM operation: RedefineClasses
Event: 538.663 Executing VM operation: RedefineClasses done
Event: 538.667 Executing VM operation: ChangeBreakpoints
Event: 538.668 Executing VM operation: ChangeBreakpoints done
Event: 716.903 Executing VM operation: RedefineClasses
Event: 716.909 Executing VM operation: RedefineClasses done
Event: 716.913 Executing VM operation: ChangeBreakpoints
Event: 716.913 Executing VM operation: ChangeBreakpoints done
Event: 1084.540 Executing VM operation: RedefineClasses
Event: 1084.545 Executing VM operation: RedefineClasses done


Dynamic libraries:
0x0000000013704000 	/System/Library/Frameworks/Cocoa.framework/Versions/A/Cocoa
0x0000000013704000 	/System/Library/Frameworks/Security.framework/Versions/A/Security
0x0000000013704000 	/System/Library/Frameworks/ApplicationServices.framework/Versions/A/ApplicationServices
0x0000000013704000 	/usr/lib/libz.1.dylib
0x0000000013704000 	/usr/lib/libSystem.B.dylib
0x0000000013704000 	/usr/lib/libobjc.A.dylib
0x0000000013704000 	/System/Library/Frameworks/CoreFoundation.framework/Versions/A/CoreFoundation
0x0000000013704000 	/System/Library/Frameworks/Foundation.framework/Versions/C/Foundation
0x0000000013704000 	/System/Library/Frameworks/AppKit.framework/Versions/C/AppKit
0x0000000013704000 	/System/Library/Frameworks/CoreData.framework/Versions/A/CoreData
0x0000000013704000 	/System/Library/PrivateFrameworks/RemoteViewServices.framework/Versions/A/RemoteViewServices
0x0000000013704000 	/System/Library/PrivateFrameworks/UIFoundation.framework/Versions/A/UIFoundation
0x0000000013704000 	/System/Library/PrivateFrameworks/DFRFoundation.framework/Versions/A/DFRFoundation
0x0000000013704000 	/System/Library/Frameworks/Metal.framework/Versions/A/Metal
0x0000000013704000 	/System/Library/PrivateFrameworks/DesktopServicesPriv.framework/Versions/A/DesktopServicesPriv
0x0000000013704000 	/usr/lib/libenergytrace.dylib
0x0000000013704000 	/System/Library/PrivateFrameworks/SkyLight.framework/Versions/A/SkyLight
0x0000000013704000 	/System/Library/Frameworks/CoreGraphics.framework/Versions/A/CoreGraphics
0x0000000013704000 	/usr/lib/libScreenReader.dylib
0x0000000013704000 	/System/Library/Frameworks/Accelerate.framework/Versions/A/Accelerate
0x0000000013704000 	/System/Library/Frameworks/IOSurface.framework/Versions/A/IOSurface
0x0000000013704000 	/System/Library/Frameworks/AudioToolbox.framework/Versions/A/AudioToolbox
0x0000000013704000 	/System/Library/Frameworks/AudioUnit.framework/Versions/A/AudioUnit
0x0000000013704000 	/System/Library/PrivateFrameworks/DataDetectorsCore.framework/Versions/A/DataDetectorsCore
0x0000000013704000 	/System/Library/Frameworks/Carbon.framework/Versions/A/Frameworks/HIToolbox.framework/Versions/A/HIToolbox
0x0000000013704000 	/usr/lib/libicucore.A.dylib
0x0000000013704000 	/System/Library/Frameworks/QuartzCore.framework/Versions/A/QuartzCore
0x0000000013704000 	/System/Library/PrivateFrameworks/SignpostNotification.framework/Versions/A/SignpostNotification
0x0000000013704000 	/System/Library/Frameworks/Carbon.framework/Versions/A/Frameworks/SpeechRecognition.framework/Versions/A/SpeechRecognition
0x0000000013704000 	/usr/lib/libauto.dylib
0x0000000013704000 	/usr/lib/libxml2.2.dylib
0x0000000013704000 	/System/Library/PrivateFrameworks/CoreUI.framework/Versions/A/CoreUI
0x0000000013704000 	/System/Library/Frameworks/CoreAudio.framework/Versions/A/CoreAudio
0x0000000013704000 	/System/Library/Frameworks/DiskArbitration.framework/Versions/A/DiskArbitration
0x0000000013704000 	/usr/lib/liblangid.dylib
0x0000000013704000 	/System/Library/PrivateFrameworks/MultitouchSupport.framework/Versions/A/MultitouchSupport
0x0000000013704000 	/System/Library/Frameworks/IOKit.framework/Versions/A/IOKit
0x0000000013704000 	/usr/lib/libDiagnosticMessagesClient.dylib
0x0000000013704000 	/System/Library/Frameworks/CoreServices.framework/Versions/A/CoreServices
0x0000000013704000 	/System/Library/PrivateFrameworks/PerformanceAnalysis.framework/Versions/A/PerformanceAnalysis
0x0000000013704000 	/System/Library/Frameworks/OpenGL.framework/Versions/A/OpenGL
0x0000000013704000 	/System/Library/Frameworks/ColorSync.framework/Versions/A/ColorSync
0x0000000013704000 	/System/Library/Frameworks/CoreImage.framework/Versions/A/CoreImage
0x0000000013704000 	/System/Library/Frameworks/CoreText.framework/Versions/A/CoreText
0x0000000013704000 	/System/Library/Frameworks/ImageIO.framework/Versions/A/ImageIO
0x0000000013704000 	/System/Library/PrivateFrameworks/Backup.framework/Versions/A/Backup
0x0000000013704000 	/usr/lib/libarchive.2.dylib
0x0000000013704000 	/System/Library/Frameworks/CFNetwork.framework/Versions/A/CFNetwork
0x0000000013704000 	/System/Library/Frameworks/SystemConfiguration.framework/Versions/A/SystemConfiguration
0x0000000013704000 	/usr/lib/libCRFSuite.dylib
0x0000000013704000 	/usr/lib/libc++.1.dylib
0x0000000013704000 	/usr/lib/libc++abi.dylib
0x0000000013704000 	/usr/lib/system/libcache.dylib
0x0000000013704000 	/usr/lib/system/libcommonCrypto.dylib
0x0000000013704000 	/usr/lib/system/libcompiler_rt.dylib
0x0000000013704000 	/usr/lib/system/libcopyfile.dylib
0x0000000013704000 	/usr/lib/system/libcorecrypto.dylib
0x0000000013704000 	/usr/lib/system/libdispatch.dylib
0x0000000013704000 	/usr/lib/system/libdyld.dylib
0x0000000013704000 	/usr/lib/system/libkeymgr.dylib
0x0000000013704000 	/usr/lib/system/liblaunch.dylib
0x0000000013704000 	/usr/lib/system/libmacho.dylib
0x0000000013704000 	/usr/lib/system/libquarantine.dylib
0x0000000013704000 	/usr/lib/system/libremovefile.dylib
0x0000000013704000 	/usr/lib/system/libsystem_asl.dylib
0x0000000013704000 	/usr/lib/system/libsystem_blocks.dylib
0x0000000013704000 	/usr/lib/system/libsystem_c.dylib
0x0000000013704000 	/usr/lib/system/libsystem_configuration.dylib
0x0000000013704000 	/usr/lib/system/libsystem_coreservices.dylib
0x0000000013704000 	/usr/lib/system/libsystem_darwin.dylib
0x0000000013704000 	/usr/lib/system/libsystem_dnssd.dylib
0x0000000013704000 	/usr/lib/system/libsystem_info.dylib
0x0000000013704000 	/usr/lib/system/libsystem_m.dylib
0x0000000013704000 	/usr/lib/system/libsystem_malloc.dylib
0x0000000013704000 	/usr/lib/system/libsystem_network.dylib
0x0000000013704000 	/usr/lib/system/libsystem_networkextension.dylib
0x0000000013704000 	/usr/lib/system/libsystem_notify.dylib
0x0000000013704000 	/usr/lib/system/libsystem_sandbox.dylib
0x0000000013704000 	/usr/lib/system/libsystem_secinit.dylib
0x0000000013704000 	/usr/lib/system/libsystem_kernel.dylib
0x0000000013704000 	/usr/lib/system/libsystem_platform.dylib
0x0000000013704000 	/usr/lib/system/libsystem_pthread.dylib
0x0000000013704000 	/usr/lib/system/libsystem_symptoms.dylib
0x0000000013704000 	/usr/lib/system/libsystem_trace.dylib
0x0000000013704000 	/usr/lib/system/libunwind.dylib
0x0000000013704000 	/usr/lib/system/libxpc.dylib
0x0000000013704000 	/usr/lib/closure/libclosured.dylib
0x0000000013704000 	/usr/lib/libbsm.0.dylib
0x0000000013704000 	/usr/lib/system/libkxld.dylib
0x0000000013704000 	/usr/lib/libOpenScriptingUtil.dylib
0x0000000013704000 	/usr/lib/libcoretls.dylib
0x0000000013704000 	/usr/lib/libcoretls_cfhelpers.dylib
0x0000000013704000 	/usr/lib/libpam.2.dylib
0x0000000013704000 	/usr/lib/libsqlite3.dylib
0x0000000013704000 	/usr/lib/libxar.1.dylib
0x0000000013704000 	/usr/lib/libbz2.1.0.dylib
0x0000000013704000 	/usr/lib/liblzma.5.dylib
0x0000000013704000 	/usr/lib/libnetwork.dylib
0x0000000013704000 	/usr/lib/libapple_nghttp2.dylib
0x0000000013704000 	/usr/lib/libpcap.A.dylib
0x0000000013704000 	/usr/lib/libboringssl.dylib
0x0000000013704000 	/usr/lib/libusrtcp.dylib
0x0000000013704000 	/usr/lib/libapple_crypto.dylib
0x0000000013704000 	/System/Library/Frameworks/CoreServices.framework/Versions/A/Frameworks/FSEvents.framework/Versions/A/FSEvents
0x0000000013704000 	/System/Library/Frameworks/CoreServices.framework/Versions/A/Frameworks/CarbonCore.framework/Versions/A/CarbonCore
0x0000000013704000 	/System/Library/Frameworks/CoreServices.framework/Versions/A/Frameworks/Metadata.framework/Versions/A/Metadata
0x0000000013704000 	/System/Library/Frameworks/CoreServices.framework/Versions/A/Frameworks/OSServices.framework/Versions/A/OSServices
0x0000000013704000 	/System/Library/Frameworks/CoreServices.framework/Versions/A/Frameworks/SearchKit.framework/Versions/A/SearchKit
0x0000000013704000 	/System/Library/Frameworks/CoreServices.framework/Versions/A/Frameworks/AE.framework/Versions/A/AE
0x0000000013704000 	/System/Library/Frameworks/CoreServices.framework/Versions/A/Frameworks/LaunchServices.framework/Versions/A/LaunchServices
0x0000000013704000 	/System/Library/Frameworks/CoreServices.framework/Versions/A/Frameworks/DictionaryServices.framework/Versions/A/DictionaryServices
0x0000000013704000 	/System/Library/Frameworks/CoreServices.framework/Versions/A/Frameworks/SharedFileList.framework/Versions/A/SharedFileList
0x0000000013704000 	/System/Library/Frameworks/NetFS.framework/Versions/A/NetFS
0x0000000013704000 	/System/Library/PrivateFrameworks/NetAuth.framework/Versions/A/NetAuth
0x0000000013704000 	/System/Library/PrivateFrameworks/login.framework/Versions/A/Frameworks/loginsupport.framework/Versions/A/loginsupport
0x0000000013704000 	/System/Library/PrivateFrameworks/TCC.framework/Versions/A/TCC
0x0000000013704000 	/usr/lib/libmecabra.dylib
0x0000000013704000 	/System/Library/Frameworks/ApplicationServices.framework/Versions/A/Frameworks/ATS.framework/Versions/A/ATS
0x0000000013704000 	/System/Library/Frameworks/ApplicationServices.framework/Versions/A/Frameworks/ColorSyncLegacy.framework/Versions/A/ColorSyncLegacy
0x0000000013704000 	/System/Library/Frameworks/ApplicationServices.framework/Versions/A/Frameworks/HIServices.framework/Versions/A/HIServices
0x0000000013704000 	/System/Library/Frameworks/ApplicationServices.framework/Versions/A/Frameworks/LangAnalysis.framework/Versions/A/LangAnalysis
0x0000000013704000 	/System/Library/Frameworks/ApplicationServices.framework/Versions/A/Frameworks/PrintCore.framework/Versions/A/PrintCore
0x0000000013704000 	/System/Library/Frameworks/ApplicationServices.framework/Versions/A/Frameworks/QD.framework/Versions/A/QD
0x0000000013704000 	/System/Library/Frameworks/ApplicationServices.framework/Versions/A/Frameworks/SpeechSynthesis.framework/Versions/A/SpeechSynthesis
0x0000000013704000 	/System/Library/Frameworks/CoreDisplay.framework/Versions/A/CoreDisplay
0x0000000013704000 	/System/Library/Frameworks/Accelerate.framework/Versions/A/Frameworks/vImage.framework/Versions/A/vImage
0x0000000013704000 	/System/Library/Frameworks/Accelerate.framework/Versions/A/Frameworks/vecLib.framework/Versions/A/vecLib
0x0000000013704000 	/System/Library/Frameworks/Accelerate.framework/Versions/A/Frameworks/vecLib.framework/Versions/A/libvDSP.dylib
0x0000000013704000 	/System/Library/Frameworks/Accelerate.framework/Versions/A/Frameworks/vecLib.framework/Versions/A/libBNNS.dylib
0x0000000013704000 	/System/Library/Frameworks/Accelerate.framework/Versions/A/Frameworks/vecLib.framework/Versions/A/libQuadrature.dylib
0x0000000013704000 	/System/Library/Frameworks/Accelerate.framework/Versions/A/Frameworks/vecLib.framework/Versions/A/libvMisc.dylib
0x0000000013704000 	/System/Library/Frameworks/Accelerate.framework/Versions/A/Frameworks/vecLib.framework/Versions/A/libLAPACK.dylib
0x0000000013704000 	/System/Library/Frameworks/Accelerate.framework/Versions/A/Frameworks/vecLib.framework/Versions/A/libBLAS.dylib
0x0000000013704000 	/System/Library/Frameworks/Accelerate.framework/Versions/A/Frameworks/vecLib.framework/Versions/A/libLinearAlgebra.dylib
0x0000000013704000 	/System/Library/Frameworks/Accelerate.framework/Versions/A/Frameworks/vecLib.framework/Versions/A/libSparse.dylib
0x0000000013704000 	/System/Library/Frameworks/Accelerate.framework/Versions/A/Frameworks/vecLib.framework/Versions/A/libSparseBLAS.dylib
0x0000000013704000 	/System/Library/PrivateFrameworks/GPUWrangler.framework/Versions/A/GPUWrangler
0x0000000013704000 	/System/Library/PrivateFrameworks/IOAccelerator.framework/Versions/A/IOAccelerator
0x0000000013704000 	/System/Library/PrivateFrameworks/IOPresentment.framework/Versions/A/IOPresentment
0x0000000013704000 	/System/Library/PrivateFrameworks/DSExternalDisplay.framework/Versions/A/DSExternalDisplay
0x0000000013704000 	/System/Library/Frameworks/OpenGL.framework/Versions/A/Libraries/libCoreFSCache.dylib
0x0000000013704000 	/System/Library/Frameworks/CoreVideo.framework/Versions/A/CoreVideo
0x0000000013704000 	/System/Library/PrivateFrameworks/GraphVisualizer.framework/Versions/A/GraphVisualizer
0x0000000013704000 	/System/Library/Frameworks/MetalPerformanceShaders.framework/Versions/A/MetalPerformanceShaders
0x0000000013704000 	/usr/lib/libFosl_dynamic.dylib
0x0000000013704000 	/System/Library/PrivateFrameworks/FaceCore.framework/Versions/A/FaceCore
0x0000000013704000 	/System/Library/Frameworks/OpenCL.framework/Versions/A/OpenCL
0x0000000013704000 	/usr/lib/libcompression.dylib
0x0000000013704000 	/System/Library/Frameworks/ApplicationServices.framework/Versions/A/Frameworks/ATS.framework/Versions/A/Resources/libFontParser.dylib
0x0000000013704000 	/System/Library/Frameworks/ApplicationServices.framework/Versions/A/Frameworks/ATS.framework/Versions/A/Resources/libFontRegistry.dylib
0x0000000013704000 	/System/Library/Frameworks/ImageIO.framework/Versions/A/Resources/libJPEG.dylib
0x0000000013704000 	/System/Library/Frameworks/ImageIO.framework/Versions/A/Resources/libTIFF.dylib
0x0000000013704000 	/System/Library/Frameworks/ImageIO.framework/Versions/A/Resources/libPng.dylib
0x0000000013704000 	/System/Library/Frameworks/ImageIO.framework/Versions/A/Resources/libGIF.dylib
0x0000000013704000 	/System/Library/Frameworks/ImageIO.framework/Versions/A/Resources/libJP2.dylib
0x0000000013704000 	/System/Library/Frameworks/ImageIO.framework/Versions/A/Resources/libRadiance.dylib
0x0000000013704000 	/System/Library/PrivateFrameworks/AppleJPEG.framework/Versions/A/AppleJPEG
0x0000000013704000 	/System/Library/Frameworks/MetalPerformanceShaders.framework/Frameworks/MPSCore.framework/Versions/A/MPSCore
0x0000000013704000 	/System/Library/Frameworks/MetalPerformanceShaders.framework/Frameworks/MPSImage.framework/Versions/A/MPSImage
0x0000000013704000 	/System/Library/Frameworks/MetalPerformanceShaders.framework/Frameworks/MPSNeuralNetwork.framework/Versions/A/MPSNeuralNetwork
0x0000000013704000 	/System/Library/Frameworks/MetalPerformanceShaders.framework/Frameworks/MPSMatrix.framework/Versions/A/MPSMatrix
0x0000000013704000 	/System/Library/PrivateFrameworks/MetalTools.framework/Versions/A/MetalTools
0x0000000013704000 	/System/Library/Frameworks/OpenGL.framework/Versions/A/Libraries/libGLU.dylib
0x0000000013704000 	/System/Library/Frameworks/OpenGL.framework/Versions/A/Libraries/libGFXShared.dylib
0x0000000013704000 	/System/Library/Frameworks/OpenGL.framework/Versions/A/Libraries/libGL.dylib
0x0000000013704000 	/System/Library/Frameworks/OpenGL.framework/Versions/A/Libraries/libGLImage.dylib
0x0000000013704000 	/System/Library/Frameworks/OpenGL.framework/Versions/A/Libraries/libCVMSPluginSupport.dylib
0x0000000013704000 	/System/Library/Frameworks/OpenGL.framework/Versions/A/Libraries/libCoreVMClient.dylib
0x0000000013704000 	/usr/lib/libcups.2.dylib
0x0000000013704000 	/System/Library/Frameworks/Kerberos.framework/Versions/A/Kerberos
0x0000000013704000 	/System/Library/Frameworks/GSS.framework/Versions/A/GSS
0x0000000013704000 	/usr/lib/libresolv.9.dylib
0x0000000013704000 	/usr/lib/libiconv.2.dylib
0x0000000013704000 	/System/Library/PrivateFrameworks/Heimdal.framework/Versions/A/Heimdal
0x0000000013704000 	/usr/lib/libheimdal-asn1.dylib
0x0000000013704000 	/System/Library/Frameworks/OpenDirectory.framework/Versions/A/OpenDirectory
0x0000000013704000 	/System/Library/PrivateFrameworks/CommonAuth.framework/Versions/A/CommonAuth
0x0000000013704000 	/System/Library/Frameworks/OpenDirectory.framework/Versions/A/Frameworks/CFOpenDirectory.framework/Versions/A/CFOpenDirectory
0x0000000013704000 	/System/Library/Frameworks/SecurityFoundation.framework/Versions/A/SecurityFoundation
0x0000000013704000 	/System/Library/PrivateFrameworks/APFS.framework/Versions/A/APFS
0x0000000013704000 	/usr/lib/libutil.dylib
0x0000000013704000 	/System/Library/PrivateFrameworks/AppleSauce.framework/Versions/A/AppleSauce
0x0000000013704000 	/System/Library/PrivateFrameworks/LinguisticData.framework/Versions/A/LinguisticData
0x0000000013704000 	/usr/lib/libmarisa.dylib
0x0000000013704000 	/System/Library/PrivateFrameworks/Lexicon.framework/Versions/A/Lexicon
0x0000000013704000 	/usr/lib/libChineseTokenizer.dylib
0x0000000013704000 	/usr/lib/libcmph.dylib
0x0000000013704000 	/System/Library/PrivateFrameworks/LanguageModeling.framework/Versions/A/LanguageModeling
0x0000000013704000 	/System/Library/PrivateFrameworks/CoreEmoji.framework/Versions/A/CoreEmoji
0x0000000013704000 	/System/Library/Frameworks/ServiceManagement.framework/Versions/A/ServiceManagement
0x0000000013704000 	/System/Library/PrivateFrameworks/BackgroundTaskManagement.framework/Versions/A/BackgroundTaskManagement
0x0000000013704000 	/usr/lib/libxslt.1.dylib
0x0000000013704000 	/System/Library/Frameworks/Carbon.framework/Versions/A/Frameworks/Ink.framework/Versions/A/Ink
0x0000000013704000 	/System/Library/PrivateFrameworks/TextureIO.framework/Versions/A/TextureIO
0x0000000013704000 	/usr/lib/libate.dylib
0x0000000013704000 	/System/Library/PrivateFrameworks/CrashReporterSupport.framework/Versions/A/CrashReporterSupport
0x0000000013704000 	/System/Library/PrivateFrameworks/Sharing.framework/Versions/A/Sharing
0x0000000013704000 	/System/Library/PrivateFrameworks/IconServices.framework/Versions/A/IconServices
0x0000000013704000 	/System/Library/PrivateFrameworks/Apple80211.framework/Versions/A/Apple80211
0x0000000013704000 	/System/Library/PrivateFrameworks/CoreUtils.framework/Versions/A/CoreUtils
0x0000000013704000 	/System/Library/Frameworks/CoreWLAN.framework/Versions/A/CoreWLAN
0x0000000013704000 	/System/Library/Frameworks/IOBluetooth.framework/Versions/A/IOBluetooth
0x0000000013704000 	/System/Library/PrivateFrameworks/ProtocolBuffer.framework/Versions/A/ProtocolBuffer
0x0000000013704000 	/System/Library/PrivateFrameworks/CoreWiFi.framework/Versions/A/CoreWiFi
0x0000000013704000 	/System/Library/Frameworks/CoreBluetooth.framework/Versions/A/CoreBluetooth
0x0000000013704000 	/System/Library/PrivateFrameworks/DebugSymbols.framework/Versions/A/DebugSymbols
0x0000000013704000 	/System/Library/PrivateFrameworks/CoreSymbolication.framework/Versions/A/CoreSymbolication
0x0000000013704000 	/System/Library/PrivateFrameworks/Symbolication.framework/Versions/A/Symbolication
0x0000000013704000 	/System/Library/PrivateFrameworks/AppleFSCompression.framework/Versions/A/AppleFSCompression
0x0000000013704000 	/System/Library/PrivateFrameworks/SpeechRecognitionCore.framework/Versions/A/SpeechRecognitionCore
0x0000000013704000 	/System/Library/CoreServices/Encodings/libJapaneseConverter.dylib
0x0000000104400000 	/Library/Java/JavaVirtualMachines/jdk1.8.0_60.jdk/Contents/Home/jre/lib/server/libjvm.dylib
0x0000000013704000 	/usr/lib/libstdc++.6.0.9.dylib
0x0000000103b4b000 	/Library/Java/JavaVirtualMachines/jdk1.8.0_60.jdk/Contents/Home/jre/lib/libverify.dylib
0x0000000103b59000 	/Library/Java/JavaVirtualMachines/jdk1.8.0_60.jdk/Contents/Home/jre/lib/libjava.dylib
0x0000000103b8f000 	/Library/Java/JavaVirtualMachines/jdk1.8.0_60.jdk/Contents/Home/jre/lib/libjdwp.dylib
0x0000000103bda000 	/Library/Java/JavaVirtualMachines/jdk1.8.0_60.jdk/Contents/Home/jre/lib/libnpt.dylib
0x0000000103be7000 	/Library/Java/JavaVirtualMachines/jdk1.8.0_60.jdk/Contents/Home/jre/lib/libzip.dylib
0x0000000013704000 	/System/Library/Frameworks/JavaVM.framework/Versions/A/Frameworks/JavaRuntimeSupport.framework/Versions/A/JavaRuntimeSupport
0x0000000013704000 	/System/Library/Frameworks/JavaVM.framework/Versions/A/Frameworks/JavaNativeFoundation.framework/Versions/A/JavaNativeFoundation
0x0000000013704000 	/System/Library/Frameworks/JavaVM.framework/Versions/A/JavaVM
0x0000000013704000 	/System/Library/Frameworks/Carbon.framework/Versions/A/Carbon
0x0000000013704000 	/System/Library/PrivateFrameworks/JavaLaunching.framework/Versions/A/JavaLaunching
0x0000000013704000 	/System/Library/Frameworks/Carbon.framework/Versions/A/Frameworks/CommonPanels.framework/Versions/A/CommonPanels
0x0000000013704000 	/System/Library/Frameworks/Carbon.framework/Versions/A/Frameworks/Help.framework/Versions/A/Help
0x0000000013704000 	/System/Library/Frameworks/Carbon.framework/Versions/A/Frameworks/ImageCapture.framework/Versions/A/ImageCapture
0x0000000013704000 	/System/Library/Frameworks/Carbon.framework/Versions/A/Frameworks/OpenScripting.framework/Versions/A/OpenScripting
0x0000000013704000 	/System/Library/Frameworks/Carbon.framework/Versions/A/Frameworks/Print.framework/Versions/A/Print
0x0000000013704000 	/System/Library/Frameworks/Carbon.framework/Versions/A/Frameworks/SecurityHI.framework/Versions/A/SecurityHI
0x0000000103bf9000 	/Library/Java/JavaVirtualMachines/jdk1.8.0_60.jdk/Contents/Home/jre/lib/libdt_socket.dylib

VM Arguments:
jvm_args: -agentlib:jdwp=transport=dt_socket,suspend=y,address=localhost:60263 -Dfile.encoding=UTF-8 
java_command: StreamTest
java_class_path (initial): /Users/MM/Desktop/workspace/ABS6/bin
Launcher Type: SUN_STANDARD

Environment Variables:
PATH=/usr/bin:/bin:/usr/sbin:/sbin
SHELL=/bin/bash
DISPLAY=/private/tmp/com.apple.launchd.cvRLFXXcIq/org.macosforge.xquartz:0

Signal Handlers:
SIGSEGV: [libjvm.dylib+0x5a6d31], sa_mask[0]=11111111011111110111111111111111, sa_flags=SA_ONSTACK|SA_RESTART|SA_SIGINFO
SIGBUS: [libjvm.dylib+0x5a6d31], sa_mask[0]=11111111011111110111111111111111, sa_flags=SA_RESTART|SA_SIGINFO
SIGFPE: [libjvm.dylib+0x480a4c], sa_mask[0]=11111111011111110111111111111111, sa_flags=SA_RESTART|SA_SIGINFO
SIGPIPE: [libjvm.dylib+0x480a4c], sa_mask[0]=11111111011111110111111111111111, sa_flags=SA_RESTART|SA_SIGINFO
SIGXFSZ: [libjvm.dylib+0x480a4c], sa_mask[0]=11111111011111110111111111111111, sa_flags=SA_RESTART|SA_SIGINFO
SIGILL: [libjvm.dylib+0x480a4c], sa_mask[0]=11111111011111110111111111111111, sa_flags=SA_RESTART|SA_SIGINFO
SIGUSR1: SIG_DFL, sa_mask[0]=00000000000000000000000000000000, sa_flags=none
SIGUSR2: [libjvm.dylib+0x48056a], sa_mask[0]=00100000000000000000000000000000, sa_flags=SA_RESTART|SA_SIGINFO
SIGHUP: [libjvm.dylib+0x47eb41], sa_mask[0]=11111111011111110111111111111111, sa_flags=SA_RESTART|SA_SIGINFO
SIGINT: [libjvm.dylib+0x47eb41], sa_mask[0]=11111111011111110111111111111111, sa_flags=SA_RESTART|SA_SIGINFO
SIGTERM: [libjvm.dylib+0x47eb41], sa_mask[0]=11111111011111110111111111111111, sa_flags=SA_RESTART|SA_SIGINFO
SIGQUIT: [libjvm.dylib+0x47eb41], sa_mask[0]=11111111011111110111111111111111, sa_flags=SA_RESTART|SA_SIGINFO


---------------  S Y S T E M  ---------------

OS:Bsduname:Darwin 17.5.0 Darwin Kernel Version 17.5.0: Fri Apr 13 19:32:32 PDT 2018; root:xnu-4570.51.2~1/RELEASE_X86_64 x86_64
rlimit: STACK 8192k, CORE 0k, NPROC 709, NOFILE 10240, AS infinity
load average:2.66 2.84 2.83

CPU:total 4 (2 cores per cpu, 2 threads per core) family 6 model 69 stepping 1, cmov, cx8, fxsr, mmx, sse, sse2, sse3, ssse3, sse4.1, sse4.2, popcnt, avx, avx2, aes, clmul, erms, lzcnt, ht, tsc, tscinvbit, bmi1, bmi2

Memory: 4k page, physical 8388608k(21404k free)

/proc/meminfo:


vm_info: Java HotSpot(TM) 64-Bit Server VM (25.60-b23) for bsd-amd64 JRE (1.8.0_60-b27), built on Aug  4 2015 10:47:24 by "java_re" with gcc 4.2.1 (Based on Apple Inc. build 5658) (LLVM build 2336.11.00)

time: Thu May  7 14:01:31 2020
elapsed time: 1084 seconds (0d 0h 18m 4s)

